Flow report for EightBitALU
Sun Feb 19 21:10:47 2023
Quartus II Version 9.1 Build 350 03/24/2010 Service Pack 2 SJ Web Edition


---------------------
; Table of Contents ;
---------------------
  1. Legal Notice
  2. Flow Summary
  3. Flow Settings
  4. Flow Non-Default Global Settings
  5. Flow Elapsed Time
  6. Flow OS Summary
  7. Flow Log



----------------
; Legal Notice ;
----------------
Copyright (C) 1991-2010 Altera Corporation
Your use of Altera Corporation's design tools, logic functions 
and other software and tools, and its AMPP partner logic 
functions, and any output files from any of the foregoing 
(including device programming or simulation files), and any 
associated documentation or information are expressly subject 
to the terms and conditions of the Altera Program License 
Subscription Agreement, Altera MegaCore Function License 
Agreement, or other applicable license agreement, including, 
without limitation, that your use is for the sole purpose of 
programming logic devices manufactured by Altera and sold by 
Altera or its authorized distributors.  Please refer to the 
applicable agreement for further details.



+-----------------------------------------------------------------------------------+
; Flow Summary                                                                      ;
+------------------------------------+----------------------------------------------+
; Flow Status                        ; Successful - Sun Feb 19 21:10:47 2023        ;
; Quartus II Version                 ; 9.1 Build 350 03/24/2010 SP 2 SJ Web Edition ;
; Revision Name                      ; EightBitALU                                  ;
; Top-level Entity Name              ; EightBitALU                                  ;
; Family                             ; Cyclone II                                   ;
; Met timing requirements            ; Yes                                          ;
; Total logic elements               ; 24 / 4,608 ( < 1 % )                         ;
;     Total combinational functions  ; 24 / 4,608 ( < 1 % )                         ;
;     Dedicated logic registers      ; 0 / 4,608 ( 0 % )                            ;
; Total registers                    ; 0                                            ;
; Total pins                         ; 29 / 89 ( 33 % )                             ;
; Total virtual pins                 ; 0                                            ;
; Total memory bits                  ; 0 / 119,808 ( 0 % )                          ;
; Embedded Multiplier 9-bit elements ; 0 / 26 ( 0 % )                               ;
; Total PLLs                         ; 0 / 2 ( 0 % )                                ;
; Device                             ; EP2C5T144C6                                  ;
; Timing Models                      ; Final                                        ;
+------------------------------------+----------------------------------------------+


+-----------------------------------------+
; Flow Settings                           ;
+-------------------+---------------------+
; Option            ; Setting             ;
+-------------------+---------------------+
; Start date & time ; 02/19/2023 21:10:42 ;
; Main task         ; Compilation         ;
; Revision Name     ; EightBitALU         ;
+-------------------+---------------------+


+---------------------------------------------------------------------------------------------------------------------+
; Flow Non-Default Global Settings                                                                                    ;
+------------------------------------+---------------------------------+---------------+-------------+----------------+
; Assignment Name                    ; Value                           ; Default Value ; Entity Name ; Section Id     ;
+------------------------------------+---------------------------------+---------------+-------------+----------------+
; COMPILER_SIGNATURE_ID              ; 242944925499892.167681584207404 ; --            ; --          ; --             ;
; PARTITION_COLOR                    ; 16764057                        ; --            ; --          ; Top            ;
; PARTITION_NETLIST_TYPE             ; SOURCE                          ; --            ; --          ; Top            ;
; USE_GENERATED_PHYSICAL_CONSTRAINTS ; Off                             ; --            ; --          ; eda_blast_fpga ;
+------------------------------------+---------------------------------+---------------+-------------+----------------+


+-----------------------------------------------------------------------------------------------------------------------------+
; Flow Elapsed Time                                                                                                           ;
+-------------------------+--------------+-------------------------+---------------------+------------------------------------+
; Module Name             ; Elapsed Time ; Average Processors Used ; Peak Virtual Memory ; Total CPU Time (on all processors) ;
+-------------------------+--------------+-------------------------+---------------------+------------------------------------+
; Analysis & Synthesis    ; 00:00:01     ; 1.0                     ; 217 MB              ; 00:00:01                           ;
; Fitter                  ; 00:00:01     ; 1.0                     ; 220 MB              ; 00:00:01                           ;
; Assembler               ; 00:00:00     ; 1.0                     ; 194 MB              ; 00:00:00                           ;
; Classic Timing Analyzer ; 00:00:00     ; 1.0                     ; 156 MB              ; 00:00:00                           ;
; Total                   ; 00:00:02     ; --                      ; --                  ; 00:00:02                           ;
+-------------------------+--------------+-------------------------+---------------------+------------------------------------+


+------------------------------------------------------------------------------------------+
; Flow OS Summary                                                                          ;
+-------------------------+------------------+---------------+------------+----------------+
; Module Name             ; Machine Hostname ; OS Name       ; OS Version ; Processor type ;
+-------------------------+------------------+---------------+------------+----------------+
; Analysis & Synthesis    ; PhanurujAsus     ; Windows Vista ; 6.2        ; x86_64         ;
; Fitter                  ; PhanurujAsus     ; Windows Vista ; 6.2        ; x86_64         ;
; Assembler               ; PhanurujAsus     ; Windows Vista ; 6.2        ; x86_64         ;
; Classic Timing Analyzer ; PhanurujAsus     ; Windows Vista ; 6.2        ; x86_64         ;
+-------------------------+------------------+---------------+------------+----------------+


------------
; Flow Log ;
------------
quartus_map --read_settings_files=on --write_settings_files=off EightBitALU -c EightBitALU
quartus_fit --read_settings_files=off --write_settings_files=off EightBitALU -c EightBitALU
quartus_asm --read_settings_files=off --write_settings_files=off EightBitALU -c EightBitALU
quartus_tan --read_settings_files=off --write_settings_files=off EightBitALU -c EightBitALU --timing_analysis_only



