Analysis & Synthesis report for EightBitALU
Sun Feb 19 21:10:43 2023
Quartus II Version 9.1 Build 350 03/24/2010 Service Pack 2 SJ Web Edition


---------------------
; Table of Contents ;
---------------------
  1. Legal Notice
  2. Analysis & Synthesis Summary
  3. Analysis & Synthesis Settings
  4. Parallel Compilation
  5. Analysis & Synthesis Source Files Read
  6. Analysis & Synthesis Resource Usage Summary
  7. Analysis & Synthesis Resource Utilization by Entity
  8. General Register Statistics
  9. Parameter Settings for User Entity Instance: OneBitALU:inst9|MUX:inst8
 10. Parameter Settings for User Entity Instance: OneBitALU:inst9|MUX:inst9
 11. Parameter Settings for User Entity Instance: OneBitALU:inst8|MUX:inst8
 12. Parameter Settings for User Entity Instance: OneBitALU:inst8|MUX:inst9
 13. Parameter Settings for User Entity Instance: OneBitALU:inst7|MUX:inst8
 14. Parameter Settings for User Entity Instance: OneBitALU:inst7|MUX:inst9
 15. Parameter Settings for User Entity Instance: OneBitALU:inst6|MUX:inst8
 16. Parameter Settings for User Entity Instance: OneBitALU:inst6|MUX:inst9
 17. Parameter Settings for User Entity Instance: OneBitALU:inst5|MUX:inst8
 18. Parameter Settings for User Entity Instance: OneBitALU:inst5|MUX:inst9
 19. Parameter Settings for User Entity Instance: OneBitALU:inst4|MUX:inst8
 20. Parameter Settings for User Entity Instance: OneBitALU:inst4|MUX:inst9
 21. Parameter Settings for User Entity Instance: OneBitALU:inst3|MUX:inst8
 22. Parameter Settings for User Entity Instance: OneBitALU:inst3|MUX:inst9
 23. Parameter Settings for User Entity Instance: OneBitALU:inst|MUX:inst8
 24. Parameter Settings for User Entity Instance: OneBitALU:inst|MUX:inst9
 25. Analysis & Synthesis Messages



----------------
; Legal Notice ;
----------------
Copyright (C) 1991-2010 Altera Corporation
Your use of Altera Corporation's design tools, logic functions 
and other software and tools, and its AMPP partner logic 
functions, and any output files from any of the foregoing 
(including device programming or simulation files), and any 
associated documentation or information are expressly subject 
to the terms and conditions of the Altera Program License 
Subscription Agreement, Altera MegaCore Function License 
Agreement, or other applicable license agreement, including, 
without limitation, that your use is for the sole purpose of 
programming logic devices manufactured by Altera and sold by 
Altera or its authorized distributors.  Please refer to the 
applicable agreement for further details.



+-----------------------------------------------------------------------------------+
; Analysis & Synthesis Summary                                                      ;
+------------------------------------+----------------------------------------------+
; Analysis & Synthesis Status        ; Successful - Sun Feb 19 21:10:43 2023        ;
; Quartus II Version                 ; 9.1 Build 350 03/24/2010 SP 2 SJ Web Edition ;
; Revision Name                      ; EightBitALU                                  ;
; Top-level Entity Name              ; EightBitALU                                  ;
; Family                             ; Cyclone II                                   ;
; Total logic elements               ; 24                                           ;
;     Total combinational functions  ; 24                                           ;
;     Dedicated logic registers      ; 0                                            ;
; Total registers                    ; 0                                            ;
; Total pins                         ; 29                                           ;
; Total virtual pins                 ; 0                                            ;
; Total memory bits                  ; 0                                            ;
; Embedded Multiplier 9-bit elements ; 0                                            ;
; Total PLLs                         ; 0                                            ;
+------------------------------------+----------------------------------------------+


+----------------------------------------------------------------------------------------------------------------------+
; Analysis & Synthesis Settings                                                                                        ;
+----------------------------------------------------------------------------+--------------------+--------------------+
; Option                                                                     ; Setting            ; Default Value      ;
+----------------------------------------------------------------------------+--------------------+--------------------+
; Top-level entity name                                                      ; EightBitALU        ; EightBitALU        ;
; Family name                                                                ; Cyclone II         ; Stratix II         ;
; Use Generated Physical Constraints File                                    ; Off                ;                    ;
; Use smart compilation                                                      ; Off                ; Off                ;
; Enable parallel Assembler and TimeQuest Timing Analyzer during compilation ; On                 ; On                 ;
; Enable compact report table                                                ; Off                ; Off                ;
; Restructure Multiplexers                                                   ; Auto               ; Auto               ;
; Create Debugging Nodes for IP Cores                                        ; Off                ; Off                ;
; Preserve fewer node names                                                  ; On                 ; On                 ;
; Disable OpenCore Plus hardware evaluation                                  ; Off                ; Off                ;
; Verilog Version                                                            ; Verilog_2001       ; Verilog_2001       ;
; VHDL Version                                                               ; VHDL_1993          ; VHDL_1993          ;
; State Machine Processing                                                   ; Auto               ; Auto               ;
; Safe State Machine                                                         ; Off                ; Off                ;
; Extract Verilog State Machines                                             ; On                 ; On                 ;
; Extract VHDL State Machines                                                ; On                 ; On                 ;
; Ignore Verilog initial constructs                                          ; Off                ; Off                ;
; Iteration limit for constant Verilog loops                                 ; 5000               ; 5000               ;
; Iteration limit for non-constant Verilog loops                             ; 250                ; 250                ;
; Add Pass-Through Logic to Inferred RAMs                                    ; On                 ; On                 ;
; Parallel Synthesis                                                         ; On                 ; On                 ;
; DSP Block Balancing                                                        ; Auto               ; Auto               ;
; NOT Gate Push-Back                                                         ; On                 ; On                 ;
; Power-Up Don't Care                                                        ; On                 ; On                 ;
; Remove Redundant Logic Cells                                               ; Off                ; Off                ;
; Remove Duplicate Registers                                                 ; On                 ; On                 ;
; Ignore CARRY Buffers                                                       ; Off                ; Off                ;
; Ignore CASCADE Buffers                                                     ; Off                ; Off                ;
; Ignore GLOBAL Buffers                                                      ; Off                ; Off                ;
; Ignore ROW GLOBAL Buffers                                                  ; Off                ; Off                ;
; Ignore LCELL Buffers                                                       ; Off                ; Off                ;
; Ignore SOFT Buffers                                                        ; On                 ; On                 ;
; Limit AHDL Integers to 32 Bits                                             ; Off                ; Off                ;
; Optimization Technique                                                     ; Balanced           ; Balanced           ;
; Carry Chain Length                                                         ; 70                 ; 70                 ;
; Auto Carry Chains                                                          ; On                 ; On                 ;
; Auto Open-Drain Pins                                                       ; On                 ; On                 ;
; Perform WYSIWYG Primitive Resynthesis                                      ; Off                ; Off                ;
; Auto ROM Replacement                                                       ; On                 ; On                 ;
; Auto RAM Replacement                                                       ; On                 ; On                 ;
; Auto Shift Register Replacement                                            ; Auto               ; Auto               ;
; Auto Clock Enable Replacement                                              ; On                 ; On                 ;
; Strict RAM Replacement                                                     ; Off                ; Off                ;
; Allow Synchronous Control Signals                                          ; On                 ; On                 ;
; Force Use of Synchronous Clear Signals                                     ; Off                ; Off                ;
; Auto RAM to Logic Cell Conversion                                          ; Off                ; Off                ;
; Auto Resource Sharing                                                      ; Off                ; Off                ;
; Allow Any RAM Size For Recognition                                         ; Off                ; Off                ;
; Allow Any ROM Size For Recognition                                         ; Off                ; Off                ;
; Allow Any Shift Register Size For Recognition                              ; Off                ; Off                ;
; Use LogicLock Constraints during Resource Balancing                        ; On                 ; On                 ;
; Ignore translate_off and synthesis_off directives                          ; Off                ; Off                ;
; Timing-Driven Synthesis                                                    ; Off                ; Off                ;
; Show Parameter Settings Tables in Synthesis Report                         ; On                 ; On                 ;
; Ignore Maximum Fan-Out Assignments                                         ; Off                ; Off                ;
; Synchronization Register Chain Length                                      ; 2                  ; 2                  ;
; PowerPlay Power Optimization                                               ; Normal compilation ; Normal compilation ;
; HDL message level                                                          ; Level2             ; Level2             ;
; Suppress Register Optimization Related Messages                            ; Off                ; Off                ;
; Number of Removed Registers Reported in Synthesis Report                   ; 5000               ; 5000               ;
; Number of Inverted Registers Reported in Synthesis Report                  ; 100                ; 100                ;
; Clock MUX Protection                                                       ; On                 ; On                 ;
; Auto Gated Clock Conversion                                                ; Off                ; Off                ;
; Block Design Naming                                                        ; Auto               ; Auto               ;
; SDC constraint protection                                                  ; Off                ; Off                ;
; Synthesis Effort                                                           ; Auto               ; Auto               ;
; Shift Register Replacement - Allow Asynchronous Clear Signal               ; On                 ; On                 ;
; Analysis & Synthesis Message Level                                         ; Medium             ; Medium             ;
; Disable Register Merging Across Hierarchies                                ; Auto               ; Auto               ;
; Resource Aware Inference For Block RAM                                     ; On                 ; On                 ;
+----------------------------------------------------------------------------+--------------------+--------------------+


Parallel compilation was disabled, but you have multiple processors available. Enable parallel compilation to reduce compilation time.
+-------------------------------------+
; Parallel Compilation                ;
+----------------------------+--------+
; Processors                 ; Number ;
+----------------------------+--------+
; Number detected on machine ; 4      ;
; Maximum allowed            ; 1      ;
+----------------------------+--------+


+--------------------------------------------------------------------------------------------------------------------------------------------------------+
; Analysis & Synthesis Source Files Read                                                                                                                 ;
+----------------------------------+-----------------+------------------------------------+--------------------------------------------------------------+
; File Name with User-Entered Path ; Used in Netlist ; File Type                          ; File Name with Absolute Path                                 ;
+----------------------------------+-----------------+------------------------------------+--------------------------------------------------------------+
; ../OneBitALU/OneBitALU.bdf       ; yes             ; User Block Diagram/Schematic File  ; C:/Users/ASUS/Documents/KMITL/CS/OneBitALU/OneBitALU.bdf     ;
; ../OneBitAdder/OneBitAdder.bdf   ; yes             ; User Block Diagram/Schematic File  ; C:/Users/ASUS/Documents/KMITL/CS/OneBitAdder/OneBitAdder.bdf ;
; EightBitALU.bdf                  ; yes             ; User Block Diagram/Schematic File  ; C:/Users/ASUS/Documents/KMITL/CS/EightBitALU/EightBitALU.bdf ;
; xor3.bdf                         ; yes             ; Megafunction                       ; c:/altera/91sp2/quartus/libraries/others/maxplus2/xor3.bdf   ;
; mux.tdf                          ; yes             ; Megafunction                       ; c:/altera/91sp2/quartus/libraries/megafunctions/mux.tdf      ;
; lpm_mux.tdf                      ; yes             ; Megafunction                       ; c:/altera/91sp2/quartus/libraries/megafunctions/lpm_mux.tdf  ;
; db/mux_lmc.tdf                   ; yes             ; Auto-Generated Megafunction        ; C:/Users/ASUS/Documents/KMITL/CS/EightBitALU/db/mux_lmc.tdf  ;
; db/mux_nmc.tdf                   ; yes             ; Auto-Generated Megafunction        ; C:/Users/ASUS/Documents/KMITL/CS/EightBitALU/db/mux_nmc.tdf  ;
+----------------------------------+-----------------+------------------------------------+--------------------------------------------------------------+


+-------------------------------------------------------+
; Analysis & Synthesis Resource Usage Summary           ;
+---------------------------------------------+---------+
; Resource                                    ; Usage   ;
+---------------------------------------------+---------+
; Estimated Total logic elements              ; 24      ;
;                                             ;         ;
; Total combinational functions               ; 24      ;
; Logic element usage by number of LUT inputs ;         ;
;     -- 4 input functions                    ; 24      ;
;     -- 3 input functions                    ; 0       ;
;     -- <=2 input functions                  ; 0       ;
;                                             ;         ;
; Logic elements by mode                      ;         ;
;     -- normal mode                          ; 24      ;
;     -- arithmetic mode                      ; 0       ;
;                                             ;         ;
; Total registers                             ; 0       ;
;     -- Dedicated logic registers            ; 0       ;
;     -- I/O registers                        ; 0       ;
;                                             ;         ;
; I/O pins                                    ; 29      ;
; Maximum fan-out node                        ; Binvert ;
; Maximum fan-out                             ; 16      ;
; Total fan-out                               ; 105     ;
; Average fan-out                             ; 1.98    ;
+---------------------------------------------+---------+


+------------------------------------------------------------------------------------------------------------------------------------------------------------------------------------------------------------------------------------------------+
; Analysis & Synthesis Resource Utilization by Entity                                                                                                                                                                                            ;
+--------------------------------------+-------------------+--------------+-------------+--------------+---------+-----------+------+--------------+------------------------------------------------------------------------------+--------------+
; Compilation Hierarchy Node           ; LC Combinationals ; LC Registers ; Memory Bits ; DSP Elements ; DSP 9x9 ; DSP 18x18 ; Pins ; Virtual Pins ; Full Hierarchy Name                                                          ; Library Name ;
+--------------------------------------+-------------------+--------------+-------------+--------------+---------+-----------+------+--------------+------------------------------------------------------------------------------+--------------+
; |EightBitALU                         ; 24 (0)            ; 0 (0)        ; 0           ; 0            ; 0       ; 0         ; 29   ; 0            ; |EightBitALU                                                                 ; work         ;
;    |OneBitALU:inst3|                 ; 3 (0)             ; 0 (0)        ; 0           ; 0            ; 0       ; 0         ; 0    ; 0            ; |EightBitALU|OneBitALU:inst3                                                 ; work         ;
;       |OneBitAdder:inst12|           ; 1 (1)             ; 0 (0)        ; 0           ; 0            ; 0       ; 0         ; 0    ; 0            ; |EightBitALU|OneBitALU:inst3|OneBitAdder:inst12                              ; work         ;
;       |mux:inst9|                    ; 2 (0)             ; 0 (0)        ; 0           ; 0            ; 0       ; 0         ; 0    ; 0            ; |EightBitALU|OneBitALU:inst3|mux:inst9                                       ; work         ;
;          |lpm_mux:$00001|            ; 2 (0)             ; 0 (0)        ; 0           ; 0            ; 0       ; 0         ; 0    ; 0            ; |EightBitALU|OneBitALU:inst3|mux:inst9|lpm_mux:$00001                        ; work         ;
;             |mux_nmc:auto_generated| ; 2 (2)             ; 0 (0)        ; 0           ; 0            ; 0       ; 0         ; 0    ; 0            ; |EightBitALU|OneBitALU:inst3|mux:inst9|lpm_mux:$00001|mux_nmc:auto_generated ; work         ;
;    |OneBitALU:inst4|                 ; 3 (0)             ; 0 (0)        ; 0           ; 0            ; 0       ; 0         ; 0    ; 0            ; |EightBitALU|OneBitALU:inst4                                                 ; work         ;
;       |OneBitAdder:inst12|           ; 1 (1)             ; 0 (0)        ; 0           ; 0            ; 0       ; 0         ; 0    ; 0            ; |EightBitALU|OneBitALU:inst4|OneBitAdder:inst12                              ; work         ;
;       |mux:inst9|                    ; 2 (0)             ; 0 (0)        ; 0           ; 0            ; 0       ; 0         ; 0    ; 0            ; |EightBitALU|OneBitALU:inst4|mux:inst9                                       ; work         ;
;          |lpm_mux:$00001|            ; 2 (0)             ; 0 (0)        ; 0           ; 0            ; 0       ; 0         ; 0    ; 0            ; |EightBitALU|OneBitALU:inst4|mux:inst9|lpm_mux:$00001                        ; work         ;
;             |mux_nmc:auto_generated| ; 2 (2)             ; 0 (0)        ; 0           ; 0            ; 0       ; 0         ; 0    ; 0            ; |EightBitALU|OneBitALU:inst4|mux:inst9|lpm_mux:$00001|mux_nmc:auto_generated ; work         ;
;    |OneBitALU:inst5|                 ; 3 (0)             ; 0 (0)        ; 0           ; 0            ; 0       ; 0         ; 0    ; 0            ; |EightBitALU|OneBitALU:inst5                                                 ; work         ;
;       |OneBitAdder:inst12|           ; 1 (1)             ; 0 (0)        ; 0           ; 0            ; 0       ; 0         ; 0    ; 0            ; |EightBitALU|OneBitALU:inst5|OneBitAdder:inst12                              ; work         ;
;       |mux:inst9|                    ; 2 (0)             ; 0 (0)        ; 0           ; 0            ; 0       ; 0         ; 0    ; 0            ; |EightBitALU|OneBitALU:inst5|mux:inst9                                       ; work         ;
;          |lpm_mux:$00001|            ; 2 (0)             ; 0 (0)        ; 0           ; 0            ; 0       ; 0         ; 0    ; 0            ; |EightBitALU|OneBitALU:inst5|mux:inst9|lpm_mux:$00001                        ; work         ;
;             |mux_nmc:auto_generated| ; 2 (2)             ; 0 (0)        ; 0           ; 0            ; 0       ; 0         ; 0    ; 0            ; |EightBitALU|OneBitALU:inst5|mux:inst9|lpm_mux:$00001|mux_nmc:auto_generated ; work         ;
;    |OneBitALU:inst6|                 ; 3 (0)             ; 0 (0)        ; 0           ; 0            ; 0       ; 0         ; 0    ; 0            ; |EightBitALU|OneBitALU:inst6                                                 ; work         ;
;       |OneBitAdder:inst12|           ; 1 (1)             ; 0 (0)        ; 0           ; 0            ; 0       ; 0         ; 0    ; 0            ; |EightBitALU|OneBitALU:inst6|OneBitAdder:inst12                              ; work         ;
;       |mux:inst9|                    ; 2 (0)             ; 0 (0)        ; 0           ; 0            ; 0       ; 0         ; 0    ; 0            ; |EightBitALU|OneBitALU:inst6|mux:inst9                                       ; work         ;
;          |lpm_mux:$00001|            ; 2 (0)             ; 0 (0)        ; 0           ; 0            ; 0       ; 0         ; 0    ; 0            ; |EightBitALU|OneBitALU:inst6|mux:inst9|lpm_mux:$00001                        ; work         ;
;             |mux_nmc:auto_generated| ; 2 (2)             ; 0 (0)        ; 0           ; 0            ; 0       ; 0         ; 0    ; 0            ; |EightBitALU|OneBitALU:inst6|mux:inst9|lpm_mux:$00001|mux_nmc:auto_generated ; work         ;
;    |OneBitALU:inst7|                 ; 3 (0)             ; 0 (0)        ; 0           ; 0            ; 0       ; 0         ; 0    ; 0            ; |EightBitALU|OneBitALU:inst7                                                 ; work         ;
;       |OneBitAdder:inst12|           ; 1 (1)             ; 0 (0)        ; 0           ; 0            ; 0       ; 0         ; 0    ; 0            ; |EightBitALU|OneBitALU:inst7|OneBitAdder:inst12                              ; work         ;
;       |mux:inst9|                    ; 2 (0)             ; 0 (0)        ; 0           ; 0            ; 0       ; 0         ; 0    ; 0            ; |EightBitALU|OneBitALU:inst7|mux:inst9                                       ; work         ;
;          |lpm_mux:$00001|            ; 2 (0)             ; 0 (0)        ; 0           ; 0            ; 0       ; 0         ; 0    ; 0            ; |EightBitALU|OneBitALU:inst7|mux:inst9|lpm_mux:$00001                        ; work         ;
;             |mux_nmc:auto_generated| ; 2 (2)             ; 0 (0)        ; 0           ; 0            ; 0       ; 0         ; 0    ; 0            ; |EightBitALU|OneBitALU:inst7|mux:inst9|lpm_mux:$00001|mux_nmc:auto_generated ; work         ;
;    |OneBitALU:inst8|                 ; 3 (0)             ; 0 (0)        ; 0           ; 0            ; 0       ; 0         ; 0    ; 0            ; |EightBitALU|OneBitALU:inst8                                                 ; work         ;
;       |OneBitAdder:inst12|           ; 1 (1)             ; 0 (0)        ; 0           ; 0            ; 0       ; 0         ; 0    ; 0            ; |EightBitALU|OneBitALU:inst8|OneBitAdder:inst12                              ; work         ;
;       |mux:inst9|                    ; 2 (0)             ; 0 (0)        ; 0           ; 0            ; 0       ; 0         ; 0    ; 0            ; |EightBitALU|OneBitALU:inst8|mux:inst9                                       ; work         ;
;          |lpm_mux:$00001|            ; 2 (0)             ; 0 (0)        ; 0           ; 0            ; 0       ; 0         ; 0    ; 0            ; |EightBitALU|OneBitALU:inst8|mux:inst9|lpm_mux:$00001                        ; work         ;
;             |mux_nmc:auto_generated| ; 2 (2)             ; 0 (0)        ; 0           ; 0            ; 0       ; 0         ; 0    ; 0            ; |EightBitALU|OneBitALU:inst8|mux:inst9|lpm_mux:$00001|mux_nmc:auto_generated ; work         ;
;    |OneBitALU:inst9|                 ; 3 (0)             ; 0 (0)        ; 0           ; 0            ; 0       ; 0         ; 0    ; 0            ; |EightBitALU|OneBitALU:inst9                                                 ;              ;
;       |OneBitAdder:inst12|           ; 1 (1)             ; 0 (0)        ; 0           ; 0            ; 0       ; 0         ; 0    ; 0            ; |EightBitALU|OneBitALU:inst9|OneBitAdder:inst12                              ; work         ;
;       |mux:inst9|                    ; 2 (0)             ; 0 (0)        ; 0           ; 0            ; 0       ; 0         ; 0    ; 0            ; |EightBitALU|OneBitALU:inst9|mux:inst9                                       ; work         ;
;          |lpm_mux:$00001|            ; 2 (0)             ; 0 (0)        ; 0           ; 0            ; 0       ; 0         ; 0    ; 0            ; |EightBitALU|OneBitALU:inst9|mux:inst9|lpm_mux:$00001                        ; work         ;
;             |mux_nmc:auto_generated| ; 2 (2)             ; 0 (0)        ; 0           ; 0            ; 0       ; 0         ; 0    ; 0            ; |EightBitALU|OneBitALU:inst9|mux:inst9|lpm_mux:$00001|mux_nmc:auto_generated ; work         ;
;    |OneBitALU:inst|                  ; 3 (0)             ; 0 (0)        ; 0           ; 0            ; 0       ; 0         ; 0    ; 0            ; |EightBitALU|OneBitALU:inst                                                  ; work         ;
;       |OneBitAdder:inst12|           ; 1 (1)             ; 0 (0)        ; 0           ; 0            ; 0       ; 0         ; 0    ; 0            ; |EightBitALU|OneBitALU:inst|OneBitAdder:inst12                               ; work         ;
;       |mux:inst9|                    ; 2 (0)             ; 0 (0)        ; 0           ; 0            ; 0       ; 0         ; 0    ; 0            ; |EightBitALU|OneBitALU:inst|mux:inst9                                        ; work         ;
;          |lpm_mux:$00001|            ; 2 (0)             ; 0 (0)        ; 0           ; 0            ; 0       ; 0         ; 0    ; 0            ; |EightBitALU|OneBitALU:inst|mux:inst9|lpm_mux:$00001                         ; work         ;
;             |mux_nmc:auto_generated| ; 2 (2)             ; 0 (0)        ; 0           ; 0            ; 0       ; 0         ; 0    ; 0            ; |EightBitALU|OneBitALU:inst|mux:inst9|lpm_mux:$00001|mux_nmc:auto_generated  ; work         ;
+--------------------------------------+-------------------+--------------+-------------+--------------+---------+-----------+------+--------------+------------------------------------------------------------------------------+--------------+
Note: For table entries with two numbers listed, the numbers in parentheses indicate the number of resources of the given type used by the specific entity alone. The numbers listed outside of parentheses indicate the total resources of the given type used by the specific entity and all of its sub-entities in the hierarchy.


+------------------------------------------------------+
; General Register Statistics                          ;
+----------------------------------------------+-------+
; Statistic                                    ; Value ;
+----------------------------------------------+-------+
; Total registers                              ; 0     ;
; Number of registers using Synchronous Clear  ; 0     ;
; Number of registers using Synchronous Load   ; 0     ;
; Number of registers using Asynchronous Clear ; 0     ;
; Number of registers using Asynchronous Load  ; 0     ;
; Number of registers using Clock Enable       ; 0     ;
; Number of registers using Preset             ; 0     ;
+----------------------------------------------+-------+


+------------------------------------------------------------------------+
; Parameter Settings for User Entity Instance: OneBitALU:inst9|MUX:inst8 ;
+----------------+-------+-----------------------------------------------+
; Parameter Name ; Value ; Type                                          ;
+----------------+-------+-----------------------------------------------+
; WIDTH          ; 2     ; Untyped                                       ;
; WIDTHS         ; 1     ; Untyped                                       ;
+----------------+-------+-----------------------------------------------+
Note: In order to hide this table in the UI and the text report file, please set the "Show Parameter Settings Tables in Synthesis Report" option in "Analysis and Synthesis Settings -> More Settings" to "Off".


+------------------------------------------------------------------------+
; Parameter Settings for User Entity Instance: OneBitALU:inst9|MUX:inst9 ;
+----------------+-------+-----------------------------------------------+
; Parameter Name ; Value ; Type                                          ;
+----------------+-------+-----------------------------------------------+
; WIDTH          ; 3     ; Untyped                                       ;
; WIDTHS         ; 2     ; Untyped                                       ;
+----------------+-------+-----------------------------------------------+
Note: In order to hide this table in the UI and the text report file, please set the "Show Parameter Settings Tables in Synthesis Report" option in "Analysis and Synthesis Settings -> More Settings" to "Off".


+------------------------------------------------------------------------+
; Parameter Settings for User Entity Instance: OneBitALU:inst8|MUX:inst8 ;
+----------------+-------+-----------------------------------------------+
; Parameter Name ; Value ; Type                                          ;
+----------------+-------+-----------------------------------------------+
; WIDTH          ; 2     ; Untyped                                       ;
; WIDTHS         ; 1     ; Untyped                                       ;
+----------------+-------+-----------------------------------------------+
Note: In order to hide this table in the UI and the text report file, please set the "Show Parameter Settings Tables in Synthesis Report" option in "Analysis and Synthesis Settings -> More Settings" to "Off".


+------------------------------------------------------------------------+
; Parameter Settings for User Entity Instance: OneBitALU:inst8|MUX:inst9 ;
+----------------+-------+-----------------------------------------------+
; Parameter Name ; Value ; Type                                          ;
+----------------+-------+-----------------------------------------------+
; WIDTH          ; 3     ; Untyped                                       ;
; WIDTHS         ; 2     ; Untyped                                       ;
+----------------+-------+-----------------------------------------------+
Note: In order to hide this table in the UI and the text report file, please set the "Show Parameter Settings Tables in Synthesis Report" option in "Analysis and Synthesis Settings -> More Settings" to "Off".


+------------------------------------------------------------------------+
; Parameter Settings for User Entity Instance: OneBitALU:inst7|MUX:inst8 ;
+----------------+-------+-----------------------------------------------+
; Parameter Name ; Value ; Type                                          ;
+----------------+-------+-----------------------------------------------+
; WIDTH          ; 2     ; Untyped                                       ;
; WIDTHS         ; 1     ; Untyped                                       ;
+----------------+-------+-----------------------------------------------+
Note: In order to hide this table in the UI and the text report file, please set the "Show Parameter Settings Tables in Synthesis Report" option in "Analysis and Synthesis Settings -> More Settings" to "Off".


+------------------------------------------------------------------------+
; Parameter Settings for User Entity Instance: OneBitALU:inst7|MUX:inst9 ;
+----------------+-------+-----------------------------------------------+
; Parameter Name ; Value ; Type                                          ;
+----------------+-------+-----------------------------------------------+
; WIDTH          ; 3     ; Untyped                                       ;
; WIDTHS         ; 2     ; Untyped                                       ;
+----------------+-------+-----------------------------------------------+
Note: In order to hide this table in the UI and the text report file, please set the "Show Parameter Settings Tables in Synthesis Report" option in "Analysis and Synthesis Settings -> More Settings" to "Off".


+------------------------------------------------------------------------+
; Parameter Settings for User Entity Instance: OneBitALU:inst6|MUX:inst8 ;
+----------------+-------+-----------------------------------------------+
; Parameter Name ; Value ; Type                                          ;
+----------------+-------+-----------------------------------------------+
; WIDTH          ; 2     ; Untyped                                       ;
; WIDTHS         ; 1     ; Untyped                                       ;
+----------------+-------+-----------------------------------------------+
Note: In order to hide this table in the UI and the text report file, please set the "Show Parameter Settings Tables in Synthesis Report" option in "Analysis and Synthesis Settings -> More Settings" to "Off".


+------------------------------------------------------------------------+
; Parameter Settings for User Entity Instance: OneBitALU:inst6|MUX:inst9 ;
+----------------+-------+-----------------------------------------------+
; Parameter Name ; Value ; Type                                          ;
+----------------+-------+-----------------------------------------------+
; WIDTH          ; 3     ; Untyped                                       ;
; WIDTHS         ; 2     ; Untyped                                       ;
+----------------+-------+-----------------------------------------------+
Note: In order to hide this table in the UI and the text report file, please set the "Show Parameter Settings Tables in Synthesis Report" option in "Analysis and Synthesis Settings -> More Settings" to "Off".


+------------------------------------------------------------------------+
; Parameter Settings for User Entity Instance: OneBitALU:inst5|MUX:inst8 ;
+----------------+-------+-----------------------------------------------+
; Parameter Name ; Value ; Type                                          ;
+----------------+-------+-----------------------------------------------+
; WIDTH          ; 2     ; Untyped                                       ;
; WIDTHS         ; 1     ; Untyped                                       ;
+----------------+-------+-----------------------------------------------+
Note: In order to hide this table in the UI and the text report file, please set the "Show Parameter Settings Tables in Synthesis Report" option in "Analysis and Synthesis Settings -> More Settings" to "Off".


+------------------------------------------------------------------------+
; Parameter Settings for User Entity Instance: OneBitALU:inst5|MUX:inst9 ;
+----------------+-------+-----------------------------------------------+
; Parameter Name ; Value ; Type                                          ;
+----------------+-------+-----------------------------------------------+
; WIDTH          ; 3     ; Untyped                                       ;
; WIDTHS         ; 2     ; Untyped                                       ;
+----------------+-------+-----------------------------------------------+
Note: In order to hide this table in the UI and the text report file, please set the "Show Parameter Settings Tables in Synthesis Report" option in "Analysis and Synthesis Settings -> More Settings" to "Off".


+------------------------------------------------------------------------+
; Parameter Settings for User Entity Instance: OneBitALU:inst4|MUX:inst8 ;
+----------------+-------+-----------------------------------------------+
; Parameter Name ; Value ; Type                                          ;
+----------------+-------+-----------------------------------------------+
; WIDTH          ; 2     ; Untyped                                       ;
; WIDTHS         ; 1     ; Untyped                                       ;
+----------------+-------+-----------------------------------------------+
Note: In order to hide this table in the UI and the text report file, please set the "Show Parameter Settings Tables in Synthesis Report" option in "Analysis and Synthesis Settings -> More Settings" to "Off".


+------------------------------------------------------------------------+
; Parameter Settings for User Entity Instance: OneBitALU:inst4|MUX:inst9 ;
+----------------+-------+-----------------------------------------------+
; Parameter Name ; Value ; Type                                          ;
+----------------+-------+-----------------------------------------------+
; WIDTH          ; 3     ; Untyped                                       ;
; WIDTHS         ; 2     ; Untyped                                       ;
+----------------+-------+-----------------------------------------------+
Note: In order to hide this table in the UI and the text report file, please set the "Show Parameter Settings Tables in Synthesis Report" option in "Analysis and Synthesis Settings -> More Settings" to "Off".


+------------------------------------------------------------------------+
; Parameter Settings for User Entity Instance: OneBitALU:inst3|MUX:inst8 ;
+----------------+-------+-----------------------------------------------+
; Parameter Name ; Value ; Type                                          ;
+----------------+-------+-----------------------------------------------+
; WIDTH          ; 2     ; Untyped                                       ;
; WIDTHS         ; 1     ; Untyped                                       ;
+----------------+-------+-----------------------------------------------+
Note: In order to hide this table in the UI and the text report file, please set the "Show Parameter Settings Tables in Synthesis Report" option in "Analysis and Synthesis Settings -> More Settings" to "Off".


+------------------------------------------------------------------------+
; Parameter Settings for User Entity Instance: OneBitALU:inst3|MUX:inst9 ;
+----------------+-------+-----------------------------------------------+
; Parameter Name ; Value ; Type                                          ;
+----------------+-------+-----------------------------------------------+
; WIDTH          ; 3     ; Untyped                                       ;
; WIDTHS         ; 2     ; Untyped                                       ;
+----------------+-------+-----------------------------------------------+
Note: In order to hide this table in the UI and the text report file, please set the "Show Parameter Settings Tables in Synthesis Report" option in "Analysis and Synthesis Settings -> More Settings" to "Off".


+-----------------------------------------------------------------------+
; Parameter Settings for User Entity Instance: OneBitALU:inst|MUX:inst8 ;
+----------------+-------+----------------------------------------------+
; Parameter Name ; Value ; Type                                         ;
+----------------+-------+----------------------------------------------+
; WIDTH          ; 2     ; Untyped                                      ;
; WIDTHS         ; 1     ; Untyped                                      ;
+----------------+-------+----------------------------------------------+
Note: In order to hide this table in the UI and the text report file, please set the "Show Parameter Settings Tables in Synthesis Report" option in "Analysis and Synthesis Settings -> More Settings" to "Off".


+-----------------------------------------------------------------------+
; Parameter Settings for User Entity Instance: OneBitALU:inst|MUX:inst9 ;
+----------------+-------+----------------------------------------------+
; Parameter Name ; Value ; Type                                         ;
+----------------+-------+----------------------------------------------+
; WIDTH          ; 3     ; Untyped                                      ;
; WIDTHS         ; 2     ; Untyped                                      ;
+----------------+-------+----------------------------------------------+
Note: In order to hide this table in the UI and the text report file, please set the "Show Parameter Settings Tables in Synthesis Report" option in "Analysis and Synthesis Settings -> More Settings" to "Off".


+-------------------------------+
; Analysis & Synthesis Messages ;
+-------------------------------+
Info: *******************************************************************
Info: Running Quartus II Analysis & Synthesis
    Info: Version 9.1 Build 350 03/24/2010 Service Pack 2 SJ Web Edition
    Info: Processing started: Sun Feb 19 21:10:42 2023
Info: Command: quartus_map --read_settings_files=on --write_settings_files=off EightBitALU -c EightBitALU
Info: Found 1 design units, including 1 entities, in source file /users/asus/documents/kmitl/cs/onebitalu/onebitalu.bdf
    Info: Found entity 1: OneBitALU
Info: Found 1 design units, including 1 entities, in source file /users/asus/documents/kmitl/cs/onebitadder/onebitadder.bdf
    Info: Found entity 1: OneBitAdder
Info: Found 1 design units, including 1 entities, in source file eightbitalu.bdf
    Info: Found entity 1: EightBitALU
Info: Elaborating entity "EightBitALU" for the top level hierarchy
Info: Elaborating entity "OneBitALU" for hierarchy "OneBitALU:inst9"
Info: Elaborating entity "OneBitAdder" for hierarchy "OneBitALU:inst9|OneBitAdder:inst12"
Info: Elaborating entity "XOR3" for hierarchy "OneBitALU:inst9|OneBitAdder:inst12|XOR3:inst7"
Info: Elaborated megafunction instantiation "OneBitALU:inst9|OneBitAdder:inst12|XOR3:inst7"
Info: Elaborating entity "MUX" for hierarchy "OneBitALU:inst9|MUX:inst8"
Info: Elaborated megafunction instantiation "OneBitALU:inst9|MUX:inst8"
Info: Instantiated megafunction "OneBitALU:inst9|MUX:inst8" with the following parameter:
    Info: Parameter "WIDTH" = "2"
    Info: Parameter "WIDTHS" = "1"
Info: Elaborating entity "lpm_mux" for hierarchy "OneBitALU:inst9|MUX:inst8|lpm_mux:$00001"
Info: Elaborated megafunction instantiation "OneBitALU:inst9|MUX:inst8|lpm_mux:$00001", which is child of megafunction instantiation "OneBitALU:inst9|MUX:inst8"
Info: Found 1 design units, including 1 entities, in source file db/mux_lmc.tdf
    Info: Found entity 1: mux_lmc
Info: Elaborating entity "mux_lmc" for hierarchy "OneBitALU:inst9|MUX:inst8|lpm_mux:$00001|mux_lmc:auto_generated"
Info: Elaborating entity "MUX" for hierarchy "OneBitALU:inst9|MUX:inst9"
Info: Elaborated megafunction instantiation "OneBitALU:inst9|MUX:inst9"
Info: Instantiated megafunction "OneBitALU:inst9|MUX:inst9" with the following parameter:
    Info: Parameter "WIDTH" = "3"
    Info: Parameter "WIDTHS" = "2"
Info: Elaborating entity "lpm_mux" for hierarchy "OneBitALU:inst9|MUX:inst9|lpm_mux:$00001"
Info: Elaborated megafunction instantiation "OneBitALU:inst9|MUX:inst9|lpm_mux:$00001", which is child of megafunction instantiation "OneBitALU:inst9|MUX:inst9"
Info: Found 1 design units, including 1 entities, in source file db/mux_nmc.tdf
    Info: Found entity 1: mux_nmc
Info: Elaborating entity "mux_nmc" for hierarchy "OneBitALU:inst9|MUX:inst9|lpm_mux:$00001|mux_nmc:auto_generated"
Info: Implemented 53 device resources after synthesis - the final resource count might be different
    Info: Implemented 20 input pins
    Info: Implemented 9 output pins
    Info: Implemented 24 logic cells
Info: Quartus II Analysis & Synthesis was successful. 0 errors, 0 warnings
    Info: Peak virtual memory: 217 megabytes
    Info: Processing ended: Sun Feb 19 21:10:43 2023
    Info: Elapsed time: 00:00:01
    Info: Total CPU time (on all processors): 00:00:01


